2015-05-27 12:40:46.386 Water Tracker[1398:40277] DiskCookieStorage changing policy from 2 to 0, cookie file: file:///Users/bill/Library/Developer/CoreSimulator/Devices/61BA00DD-A53A-434B-9611-C1259B11ABC8/data/Containers/Data/Application/79472E90-A784-42CD-BEB7-0BAC074C81E6/Library/Cookies/Cookies.binarycookies
2015-05-27 12:40:47.758 Water Tracker[1398:40277] Apache Cordova native platform version 3.8.0 is starting.
2015-05-27 12:40:47.759 Water Tracker[1398:40277] Multi-tasking -> Device: YES, App: YES
2015-05-27 12:40:47.791 Water Tracker[1398:40277] Unlimited access to network resources
2015-05-27 12:40:47.867 Water Tracker[1398:40277] 

Started backup to iCloud! Please be careful.
Your application might be rejected by Apple if you store too much data.
For more information please read "iOS Data Storage Guidelines" at:
https://developer.apple.com/icloud/documentation/data-storage/
To disable web storage backup to iCloud, set the BackupWebStorage preference to "local" in the Cordova config.xml file

2015-05-27 12:40:48.672 Water Tracker[1398:40277] RFduino Cordova Plugin
2015-05-27 12:40:48.672 Water Tracker[1398:40277] (c)2013-2015 Don Coleman
2015-05-27 12:40:48.737 Water Tracker[1398:40277] [CDVTimer][rfduino] 64.970016ms
2015-05-27 12:40:49.067 Water Tracker[1398:40277] [CDVTimer][statusbar] 329.912961ms
2015-05-27 12:40:49.067 Water Tracker[1398:40277] [CDVTimer][TotalPluginStartup] 395.251989ms
2015-05-27 12:40:49.229 Water Tracker[1398:40277] Status of CoreBluetooth central manager changed 2 State BLE unsupported (CBCentralManagerStateResetting)
2015-05-27 12:40:49.949 Water Tracker[1398:40277] Resetting plugins due to page load.
2015-05-27 12:40:51.268 Water Tracker[1398:40277] Finished load of: file:///Users/bill/Library/Developer/CoreSimulator/Devices/61BA00DD-A53A-434B-9611-C1259B11ABC8/data/Containers/Bundle/Application/4E46E138-DB5B-48CB-9F5A-3C70117ABB45/Water%20Tracker.app/www/index.html
2015-05-27 12:40:51.337 Water Tracker[1398:40277] THREAD WARNING: ['RFduino'] took '16.256104' ms. Plugin should use a background thread.
2015-05-27 12:40:56.337 Water Tracker[1398:40277] stopScanTimer
2015-05-27 12:42:54.586 Water Tracker[1398:40277] stopScanTimer
2015-05-27 14:37:27.628 Water Tracker[1398:40277] THREAD WARNING: ['RFduino'] took '61.585693' ms. Plugin should use a background thread.
2015-05-27 14:37:32.630 Water Tracker[1398:40277] stopScanTimer
2015-05-27 14:37:32.804 Water Tracker[1398:40277] stopScanTimer
2015-05-27 14:37:32.807 Water Tracker[1398:40277] stopScanTimer
2015-05-27 14:37:33.004 Water Tracker[1398:40277] stopScanTimer
2015-05-27 14:37:33.412 Water Tracker[1398:40277] stopScanTimer
2015-05-27 14:38:06.006 Water Tracker[1398:40277] stopScanTimer
2015-05-27 14:38:06.294 Water Tracker[1398:40277] stopScanTimer
2015-05-27 14:38:06.550 Water Tracker[1398:40277] stopScanTimer
2015-05-27 14:38:06.878 Water Tracker[1398:40277] stopScanTimer
2015-05-27 14:38:07.173 Water Tracker[1398:40277] stopScanTimer
2015-05-27 14:38:07.398 Water Tracker[1398:40277] stopScanTimer
2015-05-27 14:38:07.630 Water Tracker[1398:40277] stopScanTimer
2015-05-27 14:38:07.869 Water Tracker[1398:40277] stopScanTimer
2015-05-27 14:38:08.078 Water Tracker[1398:40277] stopScanTimer
2015-05-28 14:15:08.928 Water Tracker[1474:29263] DiskCookieStorage changing policy from 2 to 0, cookie file: file:///Users/bill/Library/Developer/CoreSimulator/Devices/61BA00DD-A53A-434B-9611-C1259B11ABC8/data/Containers/Data/Application/D24A0379-A74E-489D-A56B-A134A836CBD0/Library/Cookies/Cookies.binarycookies
2015-05-28 14:15:10.438 Water Tracker[1474:29263] Apache Cordova native platform version 3.8.0 is starting.
2015-05-28 14:15:10.438 Water Tracker[1474:29263] Multi-tasking -> Device: YES, App: YES
2015-05-28 14:15:10.467 Water Tracker[1474:29263] Unlimited access to network resources
2015-05-28 14:15:10.500 Water Tracker[1474:29263] 

Started backup to iCloud! Please be careful.
Your application might be rejected by Apple if you store too much data.
For more information please read "iOS Data Storage Guidelines" at:
https://developer.apple.com/icloud/documentation/data-storage/
To disable web storage backup to iCloud, set the BackupWebStorage preference to "local" in the Cordova config.xml file

2015-05-28 14:15:11.248 Water Tracker[1474:29263] RFduino Cordova Plugin
2015-05-28 14:15:11.248 Water Tracker[1474:29263] (c)2013-2015 Don Coleman
2015-05-28 14:15:11.295 Water Tracker[1474:29263] [CDVTimer][rfduino] 47.233999ms
2015-05-28 14:15:11.593 Water Tracker[1474:29263] [CDVTimer][statusbar] 297.240019ms
2015-05-28 14:15:11.593 Water Tracker[1474:29263] [CDVTimer][TotalPluginStartup] 344.875991ms
2015-05-28 14:15:11.637 Water Tracker[1474:29263] Status of CoreBluetooth central manager changed 2 State BLE unsupported (CBCentralManagerStateResetting)
2015-05-28 14:15:12.256 Water Tracker[1474:29263] Resetting plugins due to page load.
2015-05-28 14:15:13.714 Water Tracker[1474:29263] Finished load of: file:///Users/bill/Library/Developer/CoreSimulator/Devices/61BA00DD-A53A-434B-9611-C1259B11ABC8/data/Containers/Bundle/Application/B954FB00-0098-43E7-AC2F-044546748BB9/Water%20Tracker.app/www/index.html
2015-05-28 14:15:13.751 Water Tracker[1474:29263] THREAD WARNING: ['RFduino'] took '15.517090' ms. Plugin should use a background thread.
2015-05-28 14:15:18.753 Water Tracker[1474:29263] stopScanTimer
2015-05-28 14:34:55.210 Water Tracker[1812:34507] DiskCookieStorage changing policy from 2 to 0, cookie file: file:///Users/bill/Library/Developer/CoreSimulator/Devices/61BA00DD-A53A-434B-9611-C1259B11ABC8/data/Containers/Data/Application/0A73EC33-CC8E-4CCF-81C9-FB80EBA93625/Library/Cookies/Cookies.binarycookies
2015-05-28 14:34:55.557 Water Tracker[1812:34507] Apache Cordova native platform version 3.8.0 is starting.
2015-05-28 14:34:55.557 Water Tracker[1812:34507] Multi-tasking -> Device: YES, App: YES
2015-05-28 14:34:55.577 Water Tracker[1812:34507] Unlimited access to network resources
2015-05-28 14:34:55.597 Water Tracker[1812:34507] 

Started backup to iCloud! Please be careful.
Your application might be rejected by Apple if you store too much data.
For more information please read "iOS Data Storage Guidelines" at:
https://developer.apple.com/icloud/documentation/data-storage/
To disable web storage backup to iCloud, set the BackupWebStorage preference to "local" in the Cordova config.xml file

2015-05-28 14:34:55.711 Water Tracker[1812:34507] RFduino Cordova Plugin
2015-05-28 14:34:55.711 Water Tracker[1812:34507] (c)2013-2015 Don Coleman
2015-05-28 14:34:55.733 Water Tracker[1812:34507] [CDVTimer][rfduino] 22.686005ms
2015-05-28 14:34:55.927 Water Tracker[1812:34507] [CDVTimer][statusbar] 193.602979ms
2015-05-28 14:34:55.927 Water Tracker[1812:34507] [CDVTimer][TotalPluginStartup] 216.835976ms
2015-05-28 14:34:55.949 Water Tracker[1812:34507] Status of CoreBluetooth central manager changed 2 State BLE unsupported (CBCentralManagerStateResetting)
2015-05-28 14:34:56.310 Water Tracker[1812:34507] Resetting plugins due to page load.
2015-05-28 14:34:56.726 Water Tracker[1812:34507] Finished load of: file:///Users/bill/Library/Developer/CoreSimulator/Devices/61BA00DD-A53A-434B-9611-C1259B11ABC8/data/Containers/Bundle/Application/244D90D5-1CCA-4C9A-857C-FE0151C3AA13/Water%20Tracker.app/www/index.html
2015-05-28 14:35:01.742 Water Tracker[1812:34507] stopScanTimer
2015-05-28 14:35:12.633 Water Tracker[2099:35184] DiskCookieStorage changing policy from 2 to 0, cookie file: file:///Users/bill/Library/Developer/CoreSimulator/Devices/61BA00DD-A53A-434B-9611-C1259B11ABC8/data/Containers/Data/Application/ECED9620-EF4F-4DEB-A7D7-CFC609FC847E/Library/Cookies/Cookies.binarycookies
2015-05-28 14:35:12.844 Water Tracker[2099:35184] Apache Cordova native platform version 3.8.0 is starting.
2015-05-28 14:35:12.845 Water Tracker[2099:35184] Multi-tasking -> Device: YES, App: YES
2015-05-28 14:35:12.860 Water Tracker[2099:35184] Unlimited access to network resources
2015-05-28 14:35:12.876 Water Tracker[2099:35184] 

Started backup to iCloud! Please be careful.
Your application might be rejected by Apple if you store too much data.
For more information please read "iOS Data Storage Guidelines" at:
https://developer.apple.com/icloud/documentation/data-storage/
To disable web storage backup to iCloud, set the BackupWebStorage preference to "local" in the Cordova config.xml file

2015-05-28 14:35:13.004 Water Tracker[2099:35184] RFduino Cordova Plugin
2015-05-28 14:35:13.005 Water Tracker[2099:35184] (c)2013-2015 Don Coleman
2015-05-28 14:35:13.020 Water Tracker[2099:35184] [CDVTimer][rfduino] 15.509009ms
2015-05-28 14:35:13.131 Water Tracker[2099:35184] [CDVTimer][statusbar] 110.652983ms
2015-05-28 14:35:13.131 Water Tracker[2099:35184] [CDVTimer][TotalPluginStartup] 126.560986ms
2015-05-28 14:35:13.150 Water Tracker[2099:35184] Status of CoreBluetooth central manager changed 2 State BLE unsupported (CBCentralManagerStateResetting)
2015-05-28 14:35:13.412 Water Tracker[2099:35184] Resetting plugins due to page load.
2015-05-28 14:35:13.653 Water Tracker[2099:35184] Finished load of: file:///Users/bill/Library/Developer/CoreSimulator/Devices/61BA00DD-A53A-434B-9611-C1259B11ABC8/data/Containers/Bundle/Application/240D9304-1C2B-4235-84B1-C1993D0199F3/Water%20Tracker.app/www/index.html
2015-05-28 14:35:18.667 Water Tracker[2099:35184] stopScanTimer
